../../ms/ms 15 100 -t 15 -r 10 4000 -T 
//
[116]((5:0.144,7:0.144):0.764,(((14:0.045,(1:0.029,(10:0.013,11:0.013):0.016):0.016):0.092,(3:0.074,(13:0.059,(8:0.006,12:0.006):0.053):0.015):0.062):0.707,((2:0.083,(4:0.036,9:0.036):0.047):0.468,(6:0.210,15:0.210):0.341):0.293):0.064);
[184]((5:0.144,7:0.144):0.764,((2:0.083,(4:0.036,9:0.036):0.047):0.761,(((14:0.045,(1:0.029,(10:0.013,11:0.013):0.016):0.016):0.092,(3:0.074,(13:0.059,(8:0.006,12:0.006):0.053):0.015):0.062):0.183,(6:0.210,15:0.210):0.109):0.525):0.064);
[192]((5:0.144,7:0.144):0.764,((2:0.083,(4:0.036,9:0.036):0.047):0.468,(((14:0.045,(1:0.029,(10:0.013,11:0.013):0.016):0.016):0.092,(3:0.074,(13:0.059,(8:0.006,12:0.006):0.053):0.015):0.062):0.183,(6:0.210,15:0.210):0.109):0.232):0.357);
[86]((5:0.144,7:0.144):0.764,(((14:0.045,(1:0.029,(10:0.013,11:0.013):0.016):0.016):0.092,(3:0.074,(13:0.059,(8:0.006,12:0.006):0.053):0.015):0.062):0.183,(6:0.210,(15:0.143,(2:0.083,(4:0.036,9:0.036):0.047):0.060):0.067):0.109):0.589);
[12]((5:0.144,7:0.144):0.764,(((14:0.045,(1:0.029,(10:0.013,11:0.013):0.016):0.016):0.092,(3:0.074,(13:0.059,(8:0.006,12:0.006):0.053):0.015):0.062):0.328,(6:0.210,(15:0.143,(2:0.083,(4:0.036,9:0.036):0.047):0.060):0.067):0.254):0.444);
[8]((5:0.144,(7:0.076,14:0.076):0.069):0.764,(((1:0.029,(10:0.013,11:0.013):0.016):0.108,(3:0.074,(13:0.059,(8:0.006,12:0.006):0.053):0.015):0.062):0.328,(6:0.210,(15:0.143,(2:0.083,(4:0.036,9:0.036):0.047):0.060):0.067):0.254):0.444);
[43]((5:0.144,(7:0.076,14:0.076):0.069):0.764,(((1:0.029,(10:0.013,11:0.013):0.016):0.108,(3:0.074,(13:0.059,(8:0.006,12:0.006):0.053):0.015):0.062):0.328,(6:0.210,(15:0.143,(2:0.083,(4:0.036,9:0.036):0.047):0.060):0.067):0.254):0.444);
[80]((5:0.144,(7:0.076,14:0.076):0.069):1.339,(((1:0.029,(10:0.013,11:0.013):0.016):0.108,(3:0.074,(13:0.059,(8:0.006,12:0.006):0.053):0.015):0.062):0.328,(6:0.210,(15:0.143,(2:0.083,(4:0.036,9:0.036):0.047):0.060):0.067):0.254):1.019);
[45]((5:0.144,(7:0.076,14:0.076):0.069):1.339,(((1:0.029,(10:0.013,11:0.013):0.016):0.108,(3:0.074,(13:0.059,(8:0.006,12:0.006):0.053):0.015):0.062):0.414,(6:0.210,(15:0.143,(2:0.083,(4:0.036,9:0.036):0.047):0.060):0.067):0.341):0.932);
[76]((5:0.144,(7:0.076,14:0.076):0.069):1.339,(((1:0.029,(10:0.013,11:0.013):0.016):0.108,(3:0.074,(13:0.059,(8:0.006,12:0.006):0.053):0.015):0.062):0.414,(6:0.210,(15:0.143,(2:0.083,(4:0.036,9:0.036):0.047):0.060):0.067):0.341):0.932);
[28]((5:0.144,(7:0.076,14:0.076):0.069):1.683,(((1:0.029,(10:0.013,11:0.013):0.016):0.108,(3:0.074,(13:0.059,(8:0.006,12:0.006):0.053):0.015):0.062):0.414,(6:0.210,(15:0.143,(2:0.083,(4:0.036,9:0.036):0.047):0.060):0.067):0.341):1.276);
[57]((5:0.144,(7:0.076,14:0.076):0.069):1.683,(((1:0.029,(10:0.013,11:0.013):0.016):0.108,((3:0.039,4:0.039):0.036,(13:0.059,(8:0.006,12:0.006):0.053):0.015):0.062):0.414,(6:0.210,(15:0.143,(2:0.083,9:0.083):0.060):0.067):0.341):1.276);
[116]((5:0.144,(7:0.076,14:0.076):0.069):1.683,(((1:0.029,(10:0.013,11:0.013):0.016):0.108,((3:0.039,4:0.039):0.036,(13:0.059,(8:0.006,12:0.006):0.053):0.015):0.062):0.414,(6:0.210,(15:0.143,(2:0.083,9:0.083):0.060):0.067):0.341):1.276);
[20]((5:0.144,7:0.144):1.683,(((1:0.029,(10:0.013,11:0.013):0.016):0.108,((3:0.039,4:0.039):0.036,(13:0.059,(8:0.006,12:0.006):0.053):0.015):0.062):0.414,(6:0.210,(15:0.143,(2:0.083,(9:0.077,14:0.077):0.006):0.060):0.067):0.341):1.276);
[93](((1:0.029,(10:0.013,11:0.013):0.016):0.108,((3:0.039,4:0.039):0.036,(13:0.059,(8:0.006,12:0.006):0.053):0.015):0.062):1.691,((5:0.144,7:0.144):0.284,(6:0.210,(15:0.143,(2:0.083,(9:0.077,14:0.077):0.006):0.060):0.067):0.218):1.399);
[69](((10:0.013,11:0.013):0.124,((3:0.039,4:0.039):0.036,(13:0.059,(8:0.006,12:0.006):0.053):0.015):0.062):1.691,((5:0.144,7:0.144):0.284,(6:0.210,(15:0.143,(2:0.083,(9:0.077,(1:0.019,14:0.019):0.058):0.006):0.060):0.067):0.218):1.399);
[22](((10:0.013,11:0.013):0.124,((3:0.039,4:0.039):0.036,(13:0.059,(8:0.006,12:0.006):0.053):0.015):0.062):1.691,((5:0.144,7:0.144):0.395,(6:0.210,(15:0.143,(2:0.083,(9:0.077,(1:0.019,14:0.019):0.058):0.006):0.060):0.067):0.330):1.287);
[11](((10:0.013,11:0.013):0.124,((3:0.039,4:0.039):0.036,(13:0.059,(8:0.006,12:0.006):0.053):0.015):0.062):1.981,((5:0.144,7:0.144):0.395,(6:0.210,(15:0.143,(2:0.083,(9:0.077,(1:0.019,14:0.019):0.058):0.006):0.060):0.067):0.330):1.578);
[35]((6:0.210,(15:0.143,(2:0.083,(9:0.077,(1:0.019,14:0.019):0.058):0.006):0.060):0.067):0.330,(((10:0.013,11:0.013):0.124,((3:0.039,4:0.039):0.036,(13:0.059,(8:0.006,12:0.006):0.053):0.015):0.062):0.324,(5:0.144,7:0.144):0.317):0.079);
[572]((6:0.210,(15:0.143,(2:0.083,(9:0.077,(1:0.019,14:0.019):0.058):0.006):0.060):0.067):0.330,(((10:0.013,11:0.013):0.124,((3:0.039,4:0.039):0.036,(13:0.059,(8:0.006,12:0.006):0.053):0.015):0.062):0.324,(5:0.144,7:0.144):0.317):0.079);
[162]((6:0.210,(15:0.143,(2:0.083,(9:0.077,(1:0.019,14:0.019):0.058):0.006):0.060):0.067):0.745,(((10:0.013,11:0.013):0.124,((3:0.039,4:0.039):0.036,(13:0.059,(8:0.006,12:0.006):0.053):0.015):0.062):0.324,(5:0.144,7:0.144):0.317):0.494);
[184]((6:0.210,(15:0.143,(2:0.083,(9:0.077,(1:0.019,14:0.019):0.058):0.006):0.060):0.067):1.908,(((10:0.013,11:0.013):0.124,((3:0.039,4:0.039):0.036,(13:0.059,(8:0.006,12:0.006):0.053):0.015):0.062):0.324,(5:0.144,7:0.144):0.317):1.657);
[84]((6:0.210,(15:0.143,(2:0.083,(9:0.077,(1:0.019,14:0.019):0.058):0.006):0.060):0.067):1.908,((5:0.144,7:0.144):0.317,((10:0.013,11:0.013):0.261,((3:0.039,4:0.039):0.036,(13:0.059,(8:0.006,12:0.006):0.053):0.015):0.199):0.187):1.657);
[6]((6:0.210,(15:0.143,(2:0.083,(9:0.077,(1:0.019,14:0.019):0.058):0.006):0.060):0.067):2.719,((5:0.144,7:0.144):0.317,((10:0.013,11:0.013):0.261,((3:0.039,4:0.039):0.036,(13:0.059,(8:0.006,12:0.006):0.053):0.015):0.199):0.187):2.469);
[26]((15:0.143,(2:0.083,(9:0.077,(1:0.019,14:0.019):0.058):0.006):0.060):2.787,((5:0.144,7:0.144):0.317,(6:0.334,((10:0.013,11:0.013):0.261,((3:0.039,4:0.039):0.036,(13:0.059,(8:0.006,12:0.006):0.053):0.015):0.199):0.060):0.127):2.469);
[61]((6:0.428,(15:0.143,(2:0.083,(9:0.077,(1:0.019,14:0.019):0.058):0.006):0.060):0.285):2.501,((5:0.144,7:0.144):0.317,((10:0.013,11:0.013):0.261,((3:0.039,4:0.039):0.036,(13:0.059,(8:0.006,12:0.006):0.053):0.015):0.199):0.187):2.469);
[42]((6:0.428,(15:0.143,(2:0.083,(9:0.077,(1:0.019,14:0.019):0.058):0.006):0.060):0.285):2.302,((5:0.144,7:0.144):0.317,((10:0.013,11:0.013):0.261,((3:0.039,4:0.039):0.036,(13:0.059,(8:0.006,12:0.006):0.053):0.015):0.199):0.187):2.269);
[8]((6:0.428,(15:0.089,(2:0.083,(9:0.077,(1:0.019,14:0.019):0.058):0.006):0.006):0.340):2.302,((5:0.144,7:0.144):0.317,((10:0.013,11:0.013):0.261,((3:0.039,4:0.039):0.036,(13:0.059,(8:0.006,12:0.006):0.053):0.015):0.199):0.187):2.269);
[126]((6:0.428,(15:0.089,(2:0.083,(9:0.077,(1:0.019,14:0.019):0.058):0.006):0.006):0.340):0.436,((5:0.144,7:0.144):0.317,((10:0.013,11:0.013):0.261,((3:0.039,4:0.039):0.036,(13:0.059,(8:0.006,12:0.006):0.053):0.015):0.199):0.187):0.403);
[106]((6:0.428,(15:0.089,(2:0.083,(9:0.077,(1:0.019,14:0.019):0.058):0.006):0.006):0.340):0.527,((5:0.144,7:0.144):0.317,((10:0.013,11:0.013):0.261,((3:0.039,4:0.039):0.036,(13:0.059,(8:0.006,12:0.006):0.053):0.015):0.199):0.187):0.494);
[57]((6:0.428,(15:0.089,(2:0.083,(1:0.019,14:0.019):0.064):0.006):0.340):0.527,(9:0.890,((5:0.144,7:0.144):0.317,((10:0.013,11:0.013):0.261,((3:0.039,4:0.039):0.036,(13:0.059,(8:0.006,12:0.006):0.053):0.015):0.199):0.187):0.429):0.065);
[23](9:0.955,((6:0.428,(15:0.089,(2:0.083,(1:0.019,14:0.019):0.064):0.006):0.340):0.440,((5:0.144,7:0.144):0.317,((10:0.013,11:0.013):0.261,((3:0.039,4:0.039):0.036,(13:0.059,(8:0.006,12:0.006):0.053):0.015):0.199):0.187):0.407):0.088);
[65](((15:0.089,(2:0.083,(1:0.019,14:0.019):0.064):0.006):0.340,(6:0.372,9:0.372):0.057):0.440,((5:0.144,7:0.144):0.317,((10:0.013,11:0.013):0.261,((3:0.039,4:0.039):0.036,(13:0.059,(8:0.006,12:0.006):0.053):0.015):0.199):0.187):0.407);
[233](((15:0.089,(2:0.083,(1:0.019,14:0.019):0.064):0.006):0.340,(6:0.240,9:0.240):0.188):0.440,((5:0.144,7:0.144):0.317,((10:0.013,11:0.013):0.261,((3:0.039,4:0.039):0.036,(13:0.059,(8:0.006,12:0.006):0.053):0.015):0.199):0.187):0.407);
[216](((15:0.089,(2:0.083,(1:0.019,14:0.019):0.064):0.006):0.319,(6:0.240,9:0.240):0.167):0.460,((5:0.144,7:0.144):0.317,((10:0.013,11:0.013):0.261,((3:0.039,4:0.039):0.036,(13:0.059,(8:0.006,12:0.006):0.053):0.015):0.199):0.187):0.407);
[24](((15:0.089,(2:0.083,(1:0.019,14:0.019):0.064):0.006):0.319,(6:0.240,9:0.240):0.167):0.456,((5:0.144,7:0.144):0.317,((10:0.013,11:0.013):0.261,((3:0.039,4:0.039):0.036,(13:0.059,(8:0.006,12:0.006):0.053):0.015):0.199):0.187):0.403);
[30](((15:0.089,(2:0.083,(1:0.019,14:0.019):0.064):0.006):0.319,(6:0.240,9:0.240):0.167):0.721,((5:0.144,7:0.144):0.317,((10:0.013,11:0.013):0.261,((3:0.039,4:0.039):0.036,(13:0.059,(8:0.006,12:0.006):0.053):0.015):0.199):0.187):0.668);
[180]((15:0.089,(2:0.083,(1:0.019,14:0.019):0.064):0.006):1.040,((5:0.144,7:0.144):0.317,((6:0.240,9:0.240):0.074,((10:0.013,11:0.013):0.261,((3:0.039,4:0.039):0.036,(13:0.059,(8:0.006,12:0.006):0.053):0.015):0.199):0.041):0.146):0.668);
[27]((15:0.089,(2:0.083,(1:0.019,14:0.019):0.064):0.006):1.040,((((3:0.039,4:0.039):0.036,(13:0.059,(8:0.006,12:0.006):0.053):0.015):0.070,(5:0.144,7:0.144):0.000):0.316,((10:0.013,11:0.013):0.302,(6:0.240,9:0.240):0.074):0.146):0.668);
[197]((15:0.089,(2:0.083,(1:0.019,14:0.019):0.064):0.006):1.326,((((3:0.039,4:0.039):0.036,(13:0.059,(8:0.006,12:0.006):0.053):0.015):0.070,(5:0.144,7:0.144):0.000):0.316,((10:0.013,11:0.013):0.302,(6:0.240,9:0.240):0.074):0.146):0.954);
[12]((15:0.089,(2:0.083,(1:0.019,14:0.019):0.064):0.006):2.035,((((3:0.039,4:0.039):0.036,(13:0.059,(8:0.006,12:0.006):0.053):0.015):0.070,(5:0.144,7:0.144):0.000):0.316,((10:0.013,11:0.013):0.302,(6:0.240,9:0.240):0.074):0.146):1.663);
[70]((15:0.089,(2:0.083,(1:0.019,14:0.019):0.064):0.006):2.547,((((3:0.039,4:0.039):0.036,(13:0.059,(8:0.006,12:0.006):0.053):0.015):0.070,(5:0.144,7:0.144):0.000):0.316,((10:0.013,11:0.013):0.302,(6:0.240,9:0.240):0.074):0.146):2.174);
[41]((15:0.089,(2:0.083,(1:0.019,14:0.019):0.064):0.006):1.791,((((3:0.039,4:0.039):0.036,(13:0.059,(8:0.006,12:0.006):0.053):0.015):0.070,(5:0.144,7:0.144):0.000):0.316,((10:0.013,11:0.013):0.302,(6:0.240,9:0.240):0.074):0.146):1.419);
[81]((15:0.089,(2:0.083,(1:0.019,14:0.019):0.064):0.006):1.791,((((3:0.039,4:0.039):0.036,(13:0.059,(8:0.006,12:0.006):0.053):0.015):0.070,(5:0.144,7:0.144):0.000):0.316,(9:0.334,(6:0.315,(10:0.013,11:0.013):0.302):0.019):0.127):1.419);
[26]((15:0.089,(2:0.083,(1:0.019,14:0.019):0.064):0.006):1.818,((((3:0.039,4:0.039):0.036,(13:0.059,(8:0.006,12:0.006):0.053):0.015):0.070,(5:0.144,7:0.144):0.000):0.316,(9:0.334,(6:0.315,(10:0.013,11:0.013):0.302):0.019):0.127):1.446);
[30]((15:0.089,(2:0.083,(1:0.019,14:0.019):0.064):0.006):1.818,((((3:0.039,4:0.039):0.036,(13:0.059,(8:0.006,12:0.006):0.053):0.015):0.070,(5:0.144,7:0.144):0.000):0.316,(9:0.334,(6:0.315,(10:0.013,11:0.013):0.302):0.019):0.127):1.446);
[18]((15:0.089,(2:0.083,(1:0.019,14:0.019):0.064):0.006):1.818,((((3:0.039,4:0.039):0.036,(13:0.059,(8:0.006,12:0.006):0.053):0.015):0.070,(5:0.144,7:0.144):0.000):0.316,(6:0.315,(9:0.236,(10:0.013,11:0.013):0.223):0.079):0.146):1.446);
segsites: 70
positions: 0.0038 0.0197 0.0260 0.0537 0.0574 0.0587 0.0589 0.0641 0.0815 0.0952 0.1325 0.1949 0.1960 0.2004 0.2014 0.2254 0.2279 0.2361 0.2425 0.2654 0.2679 0.2856 0.3553 0.3611 0.4616 0.5005 0.5032 0.5193 0.5197 0.5258 0.5302 0.5339 0.5516 0.5673 0.5703 0.5777 0.5906 0.6470 0.6535 0.6552 0.6648 0.6743 0.6767 0.6968 0.6995 0.7033 0.7130 0.7377 0.7546 0.7731 0.7896 0.7905 0.8356 0.8450 0.8582 0.8774 0.8826 0.9039 0.9048 0.9161 0.9184 0.9199 0.9286 0.9294 0.9302 0.9404 0.9516 0.9524 0.9610 0.9734 
1100000010010101001100000000011000111101000010101000100111011001110101
0001010000011101001000000000011000111101000010100000100000010001110100
0100000010010101001100000010100111000010000100000000010000000000000000
0001010000010101001100000010100111000010000100000000010000000000000000
0010001101100010100000000111000010000000000100000000010000000000000000
0000000000010101001010001000011000101100100010100001010000100110001000
0010001100100010100000000010000010000000000101010100010000000000000000
0100100010010101001100000010100111000000000100000000010000000000000000
0001010000010101001000010000011000111101010010100011011000100010001010
1100000010010101001101100010100011000000001100000000010000100010000000
1100000010010101001101100010100011000000001100000000010000100010000000
0100100010010101001100000010100111000000000100000000010000000000000000
0100000010010101001100000010100111000000000100000000010000000000000000
1100000010000010110000000000011000111101000010101000100101011001110100
0000000000010101001000000000011000111101000010100000100000010001110100

